<?xml version="1.0" encoding="UTF-8"?>
<!-- Generated by org.testng.reporters.JUnitReportReporter -->
<testsuite hostname="CPS-LAP" name="TestNG.GroupingTests" tests="1" failures="0" timestamp="21 Jul 2016 17:31:36 GMT" time="0.014" errors="0">
  <testcase name="feature1" time="0.014" classname="TestNG.GroupingTests"/>
</testsuite> <!-- TestNG.GroupingTests -->
