<?xml version="1.0" encoding="UTF-8"?>
<!-- Generated by org.testng.reporters.JUnitReportReporter -->
<testsuite hostname="CPS-LAP" name="ScrollingView" tests="1" failures="0" timestamp="25 Jul 2016 17:44:01 GMT" time="13.873" errors="0">
  <testcase name="scrolling" time="13.873" classname="ScrollingView"/>
</testsuite> <!-- ScrollingView -->
