<?xml version="1.0" encoding="UTF-8"?>
<!-- Generated by org.testng.reporters.JUnitReportReporter -->
<testsuite hostname="CPS-LAP" name="FileUpload" tests="1" failures="0" timestamp="25 Jul 2016 17:23:08 GMT" time="105.395" errors="0">
  <testcase name="uploadFile" time="105.395" classname="FileUpload"/>
</testsuite> <!-- FileUpload -->
