<?xml version="1.0" encoding="UTF-8"?>
<!-- Generated by org.testng.reporters.JUnitReportReporter -->
<testsuite hostname="CPS-LAP" name="Testng" tests="2" failures="0" timestamp="22 Mar 2016 16:04:17 GMT" time="0.030" errors="0">
  <testcase name="test1" time="0.010" classname="Testng"/>
  <testcase name="test2" time="0.020" classname="Testng"/>
</testsuite> <!-- Testng -->
