<?xml version="1.0" encoding="UTF-8"?>
<!-- Generated by org.testng.reporters.JUnitReportReporter -->
<testsuite hostname="CPS-LAP" name="TestNG.TestNGAnotation_2" tests="1" failures="0" timestamp="28 Jul 2016 16:00:06 GMT" time="0.000" errors="0">
  <testcase name="test3" time="0.000" classname="TestNG.TestNGAnotation_2"/>
</testsuite> <!-- TestNG.TestNGAnotation_2 -->
