<?xml version="1.0" encoding="UTF-8"?>
<!-- Generated by org.testng.reporters.JUnitReportReporter -->
<testsuite hostname="CPS-LAP" name="TestNG.ExeFailedTest2" tests="1" failures="0" timestamp="26 Jul 2016 05:44:18 GMT" time="0.001" errors="0">
  <testcase name="test2" time="0.001" classname="TestNG.ExeFailedTest2"/>
</testsuite> <!-- TestNG.ExeFailedTest2 -->
