<?xml version="1.0" encoding="UTF-8"?>
<!-- Generated by org.testng.reporters.JUnitReportReporter -->
<testsuite hostname="CPS-LAP" name="TestNG.ExeFailedTest1" tests="1" failures="0" timestamp="26 Jul 2016 05:44:18 GMT" time="0.015" errors="0">
  <testcase name="test1" time="0.015" classname="TestNG.ExeFailedTest1"/>
</testsuite> <!-- TestNG.ExeFailedTest1 -->
