<?xml version="1.0" encoding="UTF-8"?>
<!-- Generated by org.testng.reporters.JUnitReportReporter -->
<testsuite hostname="CPS-LAP" name="XtentReport" tests="1" failures="0" timestamp="6 Jul 2016 11:51:01 GMT" time="52.233" errors="0">
  <testcase name="verifyXReport" time="52.233" classname="XtentReport"/>
</testsuite> <!-- XtentReport -->
