<?xml version="1.0" encoding="UTF-8"?>
<!-- Generated by org.testng.reporters.JUnitReportReporter -->
<testsuite hostname="CPS-LAP" name="TestNG.TestNGAnotation_1" tests="2" failures="0" timestamp="28 Jul 2016 16:00:06 GMT" time="0.012" errors="0">
  <testcase name="test2" time="0.004" classname="TestNG.TestNGAnotation_1"/>
  <testcase name="test1" time="0.008" classname="TestNG.TestNGAnotation_1"/>
</testsuite> <!-- TestNG.TestNGAnotation_1 -->
