<?xml version="1.0" encoding="UTF-8"?>
<!-- Generated by org.testng.reporters.JUnitReportReporter -->
<testsuite hostname="CPS-LAP" name="TestNG.DataParameters" tests="6" failures="0" timestamp="21 Jul 2016 17:29:55 GMT" time="0.017" errors="0">
  <testcase name="LoginUser" time="0.001" classname="TestNG.DataParameters"/>
  <testcase name="registerUser" time="0.000" classname="TestNG.DataParameters"/>
  <testcase name="registerUser" time="0.000" classname="TestNG.DataParameters"/>
  <testcase name="LoginUser" time="0.001" classname="TestNG.DataParameters"/>
  <testcase name="registerUser" time="0.001" classname="TestNG.DataParameters"/>
  <testcase name="LoginUser" time="0.014" classname="TestNG.DataParameters"/>
</testsuite> <!-- TestNG.DataParameters -->
